<?xml version="1.0" encoding="UTF-8"?>
<testng-results skipped="0" failed="0" ignored="0" total="1" passed="1">
  <reporter-output>
  </reporter-output>
  <suite name="Default suite" duration-ms="16105" started-at="2022-04-01T16:09:45 IST" finished-at="2022-04-01T16:10:01 IST">
    <groups>
    </groups>
    <test name="Default test" duration-ms="16105" started-at="2022-04-01T16:09:45 IST" finished-at="2022-04-01T16:10:01 IST">
      <class name="com.jbk.trytest">
        <test-method status="PASS" signature="classistest()[pri:0, instance:com.jbk.trytest@536aaa8d]" name="classistest" duration-ms="16045" started-at="2022-04-01T16:09:45 IST" finished-at="2022-04-01T16:10:01 IST">
          <reporter-output>
          </reporter-output>
        </test-method> <!-- classistest -->
      </class> <!-- com.jbk.trytest -->
    </test> <!-- Default test -->
  </suite> <!-- Default suite -->
</testng-results>
