<?xml version="1.0" encoding="UTF-8"?>
<!-- Generated by org.testng.reporters.JUnitXMLReporter -->
<testsuite hostname="DESKTOP-4SPQCMA" ignored="0" name="Test" tests="6" failures="0" timestamp="2022-04-12T14:41:32 IST" time="18.637" errors="0">
  <testcase name="test05" time="0.011" classname="com.jbk.UserTest"/>
  <testcase name="test03" time="0.002" classname="com.jbk.Dashboard"/>
  <testcase name="test04" time="0.001" classname="com.jbk.Dashboard"/>
  <testcase name="test01" time="0.002" classname="com.jbk.LoginTest"/>
  <testcase name="test02" time="0.002" classname="com.jbk.LoginTest"/>
  <testcase name="classtest" time="18.552" classname="com.jbk.DemoTest"/>
</testsuite> <!-- Test -->
