<?xml version="1.0" encoding="UTF-8"?>
<!-- Generated by org.testng.reporters.JUnitXMLReporter -->
<testsuite hostname="DESKTOP-4SPQCMA" ignored="0" name="Test" tests="5" failures="0" timestamp="2022-03-22T11:30:26 IST" time="11.578" errors="0">
  <testcase name="test03" time="0.01" classname="com.jbk.Dashboard"/>
  <testcase name="test04" time="0.001" classname="com.jbk.Dashboard"/>
  <testcase name="test01" time="0.003" classname="com.jbk.LoginTest"/>
  <testcase name="test02" time="0.002" classname="com.jbk.LoginTest"/>
  <testcase name="classtest" time="11.5" classname="com.jbk.DemoTest"/>
</testsuite> <!-- Test -->
